# JRE version: Java(TM) SE Runtime Environment (8.0_91-b14) (build 1.8.0_91-b14)
# Java VM: Java HotSpot(TM) 64-Bit Server VM (25.91-b14 mixed mode windows-amd64 compressed oops)
Heap:
 PSYoungGen      total 243200K, used 151402K [0x00000000d5f00000, 0x00000000e5300000, 0x0000000100000000)
  eden space 239104K, 62% used [0x00000000d5f00000,0x00000000df20a2a0,0x00000000e4880000)
  from space 4096K, 20% used [0x00000000e4c80000,0x00000000e4d506b0,0x00000000e5080000)
  to   space 4096K, 0% used [0x00000000e4880000,0x00000000e4880000,0x00000000e4c80000)
 ParOldGen       total 173056K, used 74024K [0x0000000081c00000, 0x000000008c500000, 0x00000000d5f00000)
  object space 173056K, 42% used [0x0000000081c00000,0x000000008644a000,0x000000008c500000)
 Metaspace       used 18449K, capacity 18714K, committed 18944K, reserved 1067008K
  class space    used 2181K, capacity 2284K, committed 2304K, reserved 1048576K
GC Heap History (10 events):
Event: 3.699 GC heap before
{Heap before GC invocations=3 (full 0):
 PSYoungGen      total 71680K, used 68824K [0x00000000d5f00000, 0x00000000daa00000, 0x0000000100000000)
  eden space 66560K, 100% used [0x00000000d5f00000,0x00000000da000000,0x00000000da000000)
  from space 5120K, 44% used [0x00000000da500000,0x00000000da736010,0x00000000daa00000)
  to   space 5120K, 0% used [0x00000000da000000,0x00000000da000000,0x00000000da500000)
 ParOldGen       total 87552K, used 49096K [0x0000000081c00000, 0x0000000087180000, 0x00000000d5f00000)
  object space 87552K, 56% used [0x0000000081c00000,0x0000000084bf2060,0x0000000087180000)
 Metaspace       used 11965K, capacity 12212K, committed 12544K, reserved 1060864K
  class space    used 1417K, capacity 1507K, committed 1536K, reserved 1048576K
Event: 3.721 GC heap after
Heap after GC invocations=3 (full 0):
 PSYoungGen      total 71680K, used 3752K [0x00000000d5f00000, 0x00000000deb00000, 0x0000000100000000)
  eden space 66560K, 0% used [0x00000000d5f00000,0x00000000d5f00000,0x00000000da000000)
  from space 5120K, 73% used [0x00000000da000000,0x00000000da3aa040,0x00000000da500000)
  to   space 5120K, 0% used [0x00000000de600000,0x00000000de600000,0x00000000deb00000)
 ParOldGen       total 111104K, used 106361K [0x0000000081c00000, 0x0000000088880000, 0x00000000d5f00000)
  object space 111104K, 95% used [0x0000000081c00000,0x00000000883de4c8,0x0000000088880000)
 Metaspace       used 11965K, capacity 12212K, committed 12544K, reserved 1060864K
  class space    used 1417K, capacity 1507K, committed 1536K, reserved 1048576K
}
Event: 3.721 GC heap before
{Heap before GC invocations=4 (full 1):
 PSYoungGen      total 71680K, used 3752K [0x00000000d5f00000, 0x00000000deb00000, 0x0000000100000000)
  eden space 66560K, 0% used [0x00000000d5f00000,0x00000000d5f00000,0x00000000da000000)
  from space 5120K, 73% used [0x00000000da000000,0x00000000da3aa040,0x00000000da500000)
  to   space 5120K, 0% used [0x00000000de600000,0x00000000de600000,0x00000000deb00000)
 ParOldGen       total 111104K, used 106361K [0x0000000081c00000, 0x0000000088880000, 0x00000000d5f00000)
  object space 111104K, 95% used [0x0000000081c00000,0x00000000883de4c8,0x0000000088880000)
 Metaspace       used 11965K, capacity 12212K, committed 12544K, reserved 1060864K
  class space    used 1417K, capacity 1507K, committed 1536K, reserved 1048576K
Event: 3.738 GC heap after
Heap after GC invocations=4 (full 1):
 PSYoungGen      total 71680K, used 0K [0x00000000d5f00000, 0x00000000deb00000, 0x0000000100000000)
  eden space 66560K, 0% used [0x00000000d5f00000,0x00000000d5f00000,0x00000000da000000)
  from space 5120K, 0% used [0x00000000da000000,0x00000000da000000,0x00000000da500000)
  to   space 5120K, 0% used [0x00000000de600000,0x00000000de600000,0x00000000deb00000)
 ParOldGen       total 173056K, used 74000K [0x0000000081c00000, 0x000000008c500000, 0x00000000d5f00000)
  object space 173056K, 42% used [0x0000000081c00000,0x0000000086444000,0x000000008c500000)
 Metaspace       used 11965K, capacity 12212K, committed 12544K, reserved 1060864K
  class space    used 1417K, capacity 1507K, committed 1536K, reserved 1048576K
}
Event: 4.091 GC heap before
{Heap before GC invocations=5 (full 1):
 PSYoungGen      total 71680K, used 66560K [0x00000000d5f00000, 0x00000000deb00000, 0x0000000100000000)
  eden space 66560K, 100% used [0x00000000d5f00000,0x00000000da000000,0x00000000da000000)
  from space 5120K, 0% used [0x00000000da000000,0x00000000da000000,0x00000000da500000)
  to   space 5120K, 0% used [0x00000000de600000,0x00000000de600000,0x00000000deb00000)
 ParOldGen       total 173056K, used 74000K [0x0000000081c00000, 0x000000008c500000, 0x00000000d5f00000)
  object space 173056K, 42% used [0x0000000081c00000,0x0000000086444000,0x000000008c500000)
 Metaspace       used 17141K, capacity 17398K, committed 17792K, reserved 1064960K
  class space    used 1983K, capacity 2060K, committed 2176K, reserved 1048576K
Event: 4.093 GC heap after
Heap after GC invocations=5 (full 1):
 PSYoungGen      total 129536K, used 2066K [0x00000000d5f00000, 0x00000000de880000, 0x0000000100000000)
  eden space 126976K, 0% used [0x00000000d5f00000,0x00000000d5f00000,0x00000000ddb00000)
  from space 2560K, 80% used [0x00000000de600000,0x00000000de804978,0x00000000de880000)
  to   space 5120K, 0% used [0x00000000dde80000,0x00000000dde80000,0x00000000de380000)
 ParOldGen       total 173056K, used 74008K [0x0000000081c00000, 0x000000008c500000, 0x00000000d5f00000)
  object space 173056K, 42% used [0x0000000081c00000,0x0000000086446000,0x000000008c500000)
 Metaspace       used 17141K, capacity 17398K, committed 17792K, reserved 1064960K
  class space    used 1983K, capacity 2060K, committed 2176K, reserved 1048576K
}
Event: 10.511 GC heap before
{Heap before GC invocations=6 (full 1):
 PSYoungGen      total 129536K, used 129042K [0x00000000d5f00000, 0x00000000de880000, 0x0000000100000000)
  eden space 126976K, 100% used [0x00000000d5f00000,0x00000000ddb00000,0x00000000ddb00000)
  from space 2560K, 80% used [0x00000000de600000,0x00000000de804978,0x00000000de880000)
  to   space 5120K, 0% used [0x00000000dde80000,0x00000000dde80000,0x00000000de380000)
 ParOldGen       total 173056K, used 74008K [0x0000000081c00000, 0x000000008c500000, 0x00000000d5f00000)
  object space 173056K, 42% used [0x0000000081c00000,0x0000000086446000,0x000000008c500000)
 Metaspace       used 18180K, capacity 18458K, committed 18688K, reserved 1064960K
  class space    used 2180K, capacity 2284K, committed 2304K, reserved 1048576K
Event: 10.513 GC heap after
Heap after GC invocations=6 (full 1):
 PSYoungGen      total 135680K, used 929K [0x00000000d5f00000, 0x00000000e5080000, 0x0000000100000000)
  eden space 130560K, 0% used [0x00000000d5f00000,0x00000000d5f00000,0x00000000dde80000)
  from space 5120K, 18% used [0x00000000dde80000,0x00000000ddf686b0,0x00000000de380000)
  to   space 4096K, 0% used [0x00000000e4c80000,0x00000000e4c80000,0x00000000e5080000)
 ParOldGen       total 173056K, used 74016K [0x0000000081c00000, 0x000000008c500000, 0x00000000d5f00000)
  object space 173056K, 42% used [0x0000000081c00000,0x0000000086448000,0x000000008c500000)
 Metaspace       used 18180K, capacity 18458K, committed 18688K, reserved 1064960K
  class space    used 2180K, capacity 2284K, committed 2304K, reserved 1048576K
}
Event: 16.891 GC heap before
{Heap before GC invocations=7 (full 1):
 PSYoungGen      total 135680K, used 131489K [0x00000000d5f00000, 0x00000000e5080000, 0x0000000100000000)
  eden space 130560K, 100% used [0x00000000d5f00000,0x00000000dde80000,0x00000000dde80000)
  from space 5120K, 18% used [0x00000000dde80000,0x00000000ddf686b0,0x00000000de380000)
  to   space 4096K, 0% used [0x00000000e4c80000,0x00000000e4c80000,0x00000000e5080000)
 ParOldGen       total 173056K, used 74016K [0x0000000081c00000, 0x000000008c500000, 0x00000000d5f00000)
  object space 173056K, 42% used [0x0000000081c00000,0x0000000086448000,0x000000008c500000)
 Metaspace       used 18263K, capacity 18522K, committed 18688K, reserved 1064960K
  class space    used 2180K, capacity 2284K, committed 2304K, reserved 1048576K
Event: 16.892 GC heap after
Heap after GC invocations=7 (full 1):
 PSYoungGen      total 243200K, used 833K [0x00000000d5f00000, 0x00000000e5300000, 0x0000000100000000)
  eden space 239104K, 0% used [0x00000000d5f00000,0x00000000d5f00000,0x00000000e4880000)
  from space 4096K, 20% used [0x00000000e4c80000,0x00000000e4d506b0,0x00000000e5080000)
  to   space 4096K, 0% used [0x00000000e4880000,0x00000000e4880000,0x00000000e4c80000)
 ParOldGen       total 173056K, used 74024K [0x0000000081c00000, 0x000000008c500000, 0x00000000d5f00000)
  object space 173056K, 42% used [0x0000000081c00000,0x000000008644a000,0x000000008c500000)
 Metaspace       used 18263K, capacity 18522K, committed 18688K, reserved 1064960K
  class space    used 2180K, capacity 2284K, committed 2304K, reserved 1048576K
}

