# JRE version: Java(TM) SE Runtime Environment (8.0_91-b14) (build 1.8.0_91-b14)
# Java VM: Java HotSpot(TM) 64-Bit Server VM (25.91-b14 mixed mode windows-amd64 compressed oops)
Heap:
 PSYoungGen      total 293376K, used 177K [0x00000000d5f00000, 0x00000000edb00000, 0x0000000100000000)
  eden space 292864K, 0% used [0x00000000d5f00000,0x00000000d5f044b0,0x00000000e7d00000)
  from space 512K, 31% used [0x00000000eda80000,0x00000000edaa8000,0x00000000edb00000)
  to   space 4096K, 0% used [0x00000000ed300000,0x00000000ed300000,0x00000000ed700000)
 ParOldGen       total 177664K, used 74003K [0x0000000081c00000, 0x000000008c980000, 0x00000000d5f00000)
  object space 177664K, 41% used [0x0000000081c00000,0x0000000086444ed8,0x000000008c980000)
 Metaspace       used 12227K, capacity 12408K, committed 12544K, reserved 1060864K
  class space    used 1422K, capacity 1507K, committed 1536K, reserved 1048576K
GC Heap History (10 events):
Event: 35.975 GC heap before
{Heap before GC invocations=11 (full 1):
 PSYoungGen      total 286208K, used 281184K [0x00000000d5f00000, 0x00000000eb080000, 0x0000000100000000)
  eden space 281088K, 100% used [0x00000000d5f00000,0x00000000e7180000,0x00000000e7180000)
  from space 5120K, 1% used [0x00000000e7180000,0x00000000e7198000,0x00000000e7680000)
  to   space 5120K, 0% used [0x00000000eab80000,0x00000000eab80000,0x00000000eb080000)
 ParOldGen       total 177664K, used 73971K [0x0000000081c00000, 0x000000008c980000, 0x00000000d5f00000)
  object space 177664K, 41% used [0x0000000081c00000,0x000000008643ced8,0x000000008c980000)
 Metaspace       used 12144K, capacity 12344K, committed 12544K, reserved 1060864K
  class space    used 1422K, capacity 1507K, committed 1536K, reserved 1048576K
Event: 35.977 GC heap after
Heap after GC invocations=11 (full 1):
 PSYoungGen      total 338432K, used 160K [0x00000000d5f00000, 0x00000000eaf00000, 0x0000000100000000)
  eden space 334848K, 0% used [0x00000000d5f00000,0x00000000d5f00000,0x00000000ea600000)
  from space 3584K, 4% used [0x00000000eab80000,0x00000000eaba8000,0x00000000eaf00000)
  to   space 4608K, 0% used [0x00000000ea600000,0x00000000ea600000,0x00000000eaa80000)
 ParOldGen       total 177664K, used 73979K [0x0000000081c00000, 0x000000008c980000, 0x00000000d5f00000)
  object space 177664K, 41% used [0x0000000081c00000,0x000000008643eed8,0x000000008c980000)
 Metaspace       used 12144K, capacity 12344K, committed 12544K, reserved 1060864K
  class space    used 1422K, capacity 1507K, committed 1536K, reserved 1048576K
}
Event: 45.245 GC heap before
{Heap before GC invocations=12 (full 1):
 PSYoungGen      total 338432K, used 335008K [0x00000000d5f00000, 0x00000000eaf00000, 0x0000000100000000)
  eden space 334848K, 100% used [0x00000000d5f00000,0x00000000ea600000,0x00000000ea600000)
  from space 3584K, 4% used [0x00000000eab80000,0x00000000eaba8000,0x00000000eaf00000)
  to   space 4608K, 0% used [0x00000000ea600000,0x00000000ea600000,0x00000000eaa80000)
 ParOldGen       total 177664K, used 73979K [0x0000000081c00000, 0x000000008c980000, 0x00000000d5f00000)
  object space 177664K, 41% used [0x0000000081c00000,0x000000008643eed8,0x000000008c980000)
 Metaspace       used 12175K, capacity 12344K, committed 12544K, reserved 1060864K
  class space    used 1422K, capacity 1507K, committed 1536K, reserved 1048576K
Event: 45.246 GC heap after
Heap after GC invocations=12 (full 1):
 PSYoungGen      total 339456K, used 128K [0x00000000d5f00000, 0x00000000ee280000, 0x0000000100000000)
  eden space 334848K, 0% used [0x00000000d5f00000,0x00000000d5f00000,0x00000000ea600000)
  from space 4608K, 2% used [0x00000000ea600000,0x00000000ea620000,0x00000000eaa80000)
  to   space 4608K, 0% used [0x00000000ede00000,0x00000000ede00000,0x00000000ee280000)
 ParOldGen       total 177664K, used 73987K [0x0000000081c00000, 0x000000008c980000, 0x00000000d5f00000)
  object space 177664K, 41% used [0x0000000081c00000,0x0000000086440ed8,0x000000008c980000)
 Metaspace       used 12175K, capacity 12344K, committed 12544K, reserved 1060864K
  class space    used 1422K, capacity 1507K, committed 1536K, reserved 1048576K
}
Event: 53.874 GC heap before
{Heap before GC invocations=13 (full 1):
 PSYoungGen      total 339456K, used 334976K [0x00000000d5f00000, 0x00000000ee280000, 0x0000000100000000)
  eden space 334848K, 100% used [0x00000000d5f00000,0x00000000ea600000,0x00000000ea600000)
  from space 4608K, 2% used [0x00000000ea600000,0x00000000ea620000,0x00000000eaa80000)
  to   space 4608K, 0% used [0x00000000ede00000,0x00000000ede00000,0x00000000ee280000)
 ParOldGen       total 177664K, used 73987K [0x0000000081c00000, 0x000000008c980000, 0x00000000d5f00000)
  object space 177664K, 41% used [0x0000000081c00000,0x0000000086440ed8,0x000000008c980000)
 Metaspace       used 12205K, capacity 12408K, committed 12544K, reserved 1060864K
  class space    used 1422K, capacity 1507K, committed 1536K, reserved 1048576K
Event: 53.876 GC heap after
Heap after GC invocations=13 (full 1):
 PSYoungGen      total 320512K, used 128K [0x00000000d5f00000, 0x00000000ede80000, 0x0000000100000000)
  eden space 320000K, 0% used [0x00000000d5f00000,0x00000000d5f00000,0x00000000e9780000)
  from space 512K, 25% used [0x00000000ede00000,0x00000000ede20000,0x00000000ede80000)
  to   space 4608K, 0% used [0x00000000ed580000,0x00000000ed580000,0x00000000eda00000)
 ParOldGen       total 177664K, used 73995K [0x0000000081c00000, 0x000000008c980000, 0x00000000d5f00000)
  object space 177664K, 41% used [0x0000000081c00000,0x0000000086442ed8,0x000000008c980000)
 Metaspace       used 12205K, capacity 12408K, committed 12544K, reserved 1060864K
  class space    used 1422K, capacity 1507K, committed 1536K, reserved 1048576K
}
Event: 61.200 GC heap before
{Heap before GC invocations=14 (full 1):
 PSYoungGen      total 320512K, used 320128K [0x00000000d5f00000, 0x00000000ede80000, 0x0000000100000000)
  eden space 320000K, 100% used [0x00000000d5f00000,0x00000000e9780000,0x00000000e9780000)
  from space 512K, 25% used [0x00000000ede00000,0x00000000ede20000,0x00000000ede80000)
  to   space 4608K, 0% used [0x00000000ed580000,0x00000000ed580000,0x00000000eda00000)
 ParOldGen       total 177664K, used 73995K [0x0000000081c00000, 0x000000008c980000, 0x00000000d5f00000)
  object space 177664K, 41% used [0x0000000081c00000,0x0000000086442ed8,0x000000008c980000)
 Metaspace       used 12213K, capacity 12408K, committed 12544K, reserved 1060864K
  class space    used 1422K, capacity 1507K, committed 1536K, reserved 1048576K
Event: 61.202 GC heap after
Heap after GC invocations=14 (full 1):
 PSYoungGen      total 310784K, used 96K [0x00000000d5f00000, 0x00000000ede80000, 0x0000000100000000)
  eden space 306176K, 0% used [0x00000000d5f00000,0x00000000d5f00000,0x00000000e8a00000)
  from space 4608K, 2% used [0x00000000ed580000,0x00000000ed598000,0x00000000eda00000)
  to   space 4096K, 0% used [0x00000000eda80000,0x00000000eda80000,0x00000000ede80000)
 ParOldGen       total 177664K, used 74003K [0x0000000081c00000, 0x000000008c980000, 0x00000000d5f00000)
  object space 177664K, 41% used [0x0000000081c00000,0x0000000086444ed8,0x000000008c980000)
 Metaspace       used 12213K, capacity 12408K, committed 12544K, reserved 1060864K
  class space    used 1422K, capacity 1507K, committed 1536K, reserved 1048576K
}
Event: 69.492 GC heap before
{Heap before GC invocations=15 (full 1):
 PSYoungGen      total 310784K, used 306272K [0x00000000d5f00000, 0x00000000ede80000, 0x0000000100000000)
  eden space 306176K, 100% used [0x00000000d5f00000,0x00000000e8a00000,0x00000000e8a00000)
  from space 4608K, 2% used [0x00000000ed580000,0x00000000ed598000,0x00000000eda00000)
  to   space 4096K, 0% used [0x00000000eda80000,0x00000000eda80000,0x00000000ede80000)
 ParOldGen       total 177664K, used 74003K [0x0000000081c00000, 0x000000008c980000, 0x00000000d5f00000)
  object space 177664K, 41% used [0x0000000081c00000,0x0000000086444ed8,0x000000008c980000)
 Metaspace       used 12227K, capacity 12408K, committed 12544K, reserved 1060864K
  class space    used 1422K, capacity 1507K, committed 1536K, reserved 1048576K
Event: 69.494 GC heap after
Heap after GC invocations=15 (full 1):
 PSYoungGen      total 293376K, used 160K [0x00000000d5f00000, 0x00000000edb00000, 0x0000000100000000)
  eden space 292864K, 0% used [0x00000000d5f00000,0x00000000d5f00000,0x00000000e7d00000)
  from space 512K, 31% used [0x00000000eda80000,0x00000000edaa8000,0x00000000edb00000)
  to   space 4096K, 0% used [0x00000000ed300000,0x00000000ed300000,0x00000000ed700000)
 ParOldGen       total 177664K, used 74003K [0x0000000081c00000, 0x000000008c980000, 0x00000000d5f00000)
  object space 177664K, 41% used [0x0000000081c00000,0x0000000086444ed8,0x000000008c980000)
 Metaspace       used 12227K, capacity 12408K, committed 12544K, reserved 1060864K
  class space    used 1422K, capacity 1507K, committed 1536K, reserved 1048576K
}

